<?xml version="1.0" encoding="UTF-8"?>
<!-- Generated by org.testng.reporters.JUnitXMLReporter -->
<testsuite hostname="DESKTOP-ITT84LQ" ignored="0" name="Test-LG-G4" tests="1" failures="1" timestamp="19 Mar 2020 10:04:16 GMT" time="99.489" errors="0">
  <testcase name="feature" time="88.007" classname="cucumber.api.testng.AbstractTestNGCucumberTests">
    <failure type="cucumber.runtime.CucumberException" message="java.lang.NullPointerException">
      <![CDATA[cucumber.runtime.CucumberException: java.lang.NullPointerException
at cucumber.api.testng.TestNGCucumberRunner.runCucumber(TestNGCucumberRunner.java:69)
at cucumber.api.testng.AbstractTestNGCucumberTests.feature(AbstractTestNGCucumberTests.java:21)
at java.util.concurrent.ThreadPoolExecutor.runWorker(Unknown Source)
at java.util.concurrent.ThreadPoolExecutor$Worker.run(Unknown Source)
at java.lang.Thread.run(Unknown Source)
Caused by: java.lang.NullPointerException
at com.bookmyshow.pom.base.BasePage.reportFailure(BasePage.java:133)
at com.bookmyshow.pom.base.BasePage.click(BasePage.java:151)
at com.bookmyshow.pom.pages.MovieTicketBooking.Selecttheseats(MovieTicketBooking.java:148)
at stepDefinition.Test_Steps.Selecttheseats(Test_Steps.java:64)
at ✽.When seat is selected(LogIn_Test.feature:14)
... Removed 10 stack frames]]>
    </failure>
  </testcase> <!-- feature -->
</testsuite> <!-- Test-LG-G4 -->
