<?xml version="1.0" encoding="UTF-8"?>
<!-- Generated by org.testng.reporters.JUnitXMLReporter -->
<testsuite hostname="DESKTOP-ITT84LQ" name="Test-LG-G4" tests="1" failures="1" timestamp="13 Mar 2020 10:46:20 GMT" time="218.687" errors="0">
  <testcase name="feature" time="195.939" classname="cucumberRunnerTest.TestRunner">
    <failure type="cucumber.runtime.CucumberException" message="java.lang.NullPointerException">
      <![CDATA[cucumber.runtime.CucumberException: java.lang.NullPointerException
	at cucumber.api.testng.TestNGCucumberRunner.runCucumber(TestNGCucumberRunner.java:69)
	at cucumber.api.testng.AbstractTestNGCucumberTests.feature(AbstractTestNGCucumberTests.java:21)
	at java.util.concurrent.ThreadPoolExecutor.runWorker(Unknown Source)
	at java.util.concurrent.ThreadPoolExecutor$Worker.run(Unknown Source)
	at java.lang.Thread.run(Unknown Source)
Caused by: java.lang.NullPointerException
	at com.bookmyshow.pom.base.BasePage.reportFailure(BasePage.java:138)
	at com.bookmyshow.pom.base.BasePage.enterText(BasePage.java:169)
	at com.bookmyshow.pom.pages.MovieTicketBooking.EnterMovieName(MovieTicketBooking.java:72)
	at stepDefinition.Test_Steps.EnterMovieName(Test_Steps.java:41)
	at ✽.Then Movie name is entered in the field(LogIn_Test.feature:10)
... Removed 10 stack frames]]>
    </failure>
  </testcase> <!-- feature -->
</testsuite> <!-- Test-LG-G4 -->
