<?xml version="1.0" encoding="UTF-8"?>
<testsuite xmlns:xsi="http://www.w3.org/2001/XMLSchema-instance" xsi:noNamespaceSchemaLocation="https://maven.apache.org/surefire/maven-surefire-plugin/xsd/surefire-test-report.xsd" name="TestSuite" time="343.398" tests="1" errors="0" skipped="0" failures="1">
  <properties>
[...]
</properties>
  <testcase name="feature" classname="cucumberRunnerTest.TestRunner" time="320.927">
    <failure message="org.openqa.selenium.NoSuchElementException: An element could not be located on the page using the given search parameters. (WARNING: The server did not provide any stacktrace information)&#10;Command duration or timeout: 289.00 seconds&#10;For documentation on this error, please visit: http://seleniumhq.org/exceptions/no_such_element.html&#10;Build info: version: &apos;2.53.1&apos;, revision: &apos;a36b8b1cd5757287168e54b817830adce9b0158d&apos;, time: &apos;2016-06-30 19:26:09&apos;&#10;System info: host: &apos;DESKTOP-ITT84LQ&apos;, ip: &apos;192.168.1.101&apos;, os.name: &apos;Windows 10&apos;, os.arch: &apos;amd64&apos;, os.version: &apos;10.0&apos;, java.version: &apos;1.8.0_241&apos;&#10;Driver info: io.appium.java_client.android.AndroidDriver&#10;Capabilities [{appPackage=com.bt.bms, deviceScreenSize=1080x1920, networkConnectionEnabled=true, warnings={}, databaseEnabled=false, deviceName=4200cc386a65847f, platform=LINUX, deviceUDID=4200cc386a65847f, appActivity=com.movie.bms.splashscreen.SplashScreenActivity, desired={appPackage=com.bt.bms, appActivity=com.movie.bms.splashscreen.SplashScreenActivity, platformVersion=7.0, udid=4200cc386a65847f, platformName=Android, deviceName=Galaxy J7 Max}, platformVersion=7.0, webStorageEnabled=false, locationContextEnabled=false, takesScreenshot=true, javascriptEnabled=true, deviceModel=SM-G615F, udid=4200cc386a65847f, platformName=Android, deviceManufacturer=samsung}]&#10;Session ID: ed3e511d-51ed-478b-a710-ba13fe73f3b9&#10;*** Element info: {Using=xpath, value=//android.widget.EditText[contains(@resource-id,&apos;com.bt.bms:id/et_search&apos;)and @text=&apos;Search for your city&apos;]}" type="cucumber.runtime.CucumberException">cucumber.runtime.CucumberException: 
org.openqa.selenium.NoSuchElementException: An element could not be located on the page using the given search parameters. (WARNING: The server did not provide any stacktrace information)
Command duration or timeout: 289.00 seconds
For documentation on this error, please visit: http://seleniumhq.org/exceptions/no_such_element.html
Build info: version: '2.53.1', revision: 'a36b8b1cd5757287168e54b817830adce9b0158d', time: '2016-06-30 19:26:09'
System info: host: 'DESKTOP-ITT84LQ', ip: '192.168.1.101', os.name: 'Windows 10', os.arch: 'amd64', os.version: '10.0', java.version: '1.8.0_241'
Driver info: io.appium.java_client.android.AndroidDriver
Capabilities [{appPackage=com.bt.bms, deviceScreenSize=1080x1920, networkConnectionEnabled=true, warnings={}, databaseEnabled=false, deviceName=4200cc386a65847f, platform=LINUX, deviceUDID=4200cc386a65847f, appActivity=com.movie.bms.splashscreen.SplashScreenActivity, desired={appPackage=com.bt.bms, appActivity=com.movie.bms.splashscreen.SplashScreenActivity, platformVersion=7.0, udid=4200cc386a65847f, platformName=Android, deviceName=Galaxy J7 Max}, platformVersion=7.0, webStorageEnabled=false, locationContextEnabled=false, takesScreenshot=true, javascriptEnabled=true, deviceModel=SM-G615F, udid=4200cc386a65847f, platformName=Android, deviceManufacturer=samsung}]
Session ID: ed3e511d-51ed-478b-a710-ba13fe73f3b9
*** Element info: {Using=xpath, value=//android.widget.EditText[contains(@resource-id,'com.bt.bms:id/et_search')and @text='Search for your city']}
Caused by: org.openqa.selenium.NoSuchElementException: 
An element could not be located on the page using the given search parameters. (WARNING: The server did not provide any stacktrace information)
Command duration or timeout: 289.00 seconds
For documentation on this error, please visit: http://seleniumhq.org/exceptions/no_such_element.html
Build info: version: '2.53.1', revision: 'a36b8b1cd5757287168e54b817830adce9b0158d', time: '2016-06-30 19:26:09'
System info: host: 'DESKTOP-ITT84LQ', ip: '192.168.1.101', os.name: 'Windows 10', os.arch: 'amd64', os.version: '10.0', java.version: '1.8.0_241'
Driver info: io.appium.java_client.android.AndroidDriver
Capabilities [{appPackage=com.bt.bms, deviceScreenSize=1080x1920, networkConnectionEnabled=true, warnings={}, databaseEnabled=false, deviceName=4200cc386a65847f, platform=LINUX, deviceUDID=4200cc386a65847f, appActivity=com.movie.bms.splashscreen.SplashScreenActivity, desired={appPackage=com.bt.bms, appActivity=com.movie.bms.splashscreen.SplashScreenActivity, platformVersion=7.0, udid=4200cc386a65847f, platformName=Android, deviceName=Galaxy J7 Max}, platformVersion=7.0, webStorageEnabled=false, locationContextEnabled=false, takesScreenshot=true, javascriptEnabled=true, deviceModel=SM-G615F, udid=4200cc386a65847f, platformName=Android, deviceManufacturer=samsung}]
Session ID: ed3e511d-51ed-478b-a710-ba13fe73f3b9
*** Element info: {Using=xpath, value=//android.widget.EditText[contains(@resource-id,'com.bt.bms:id/et_search')and @text='Search for your city']}
</failure>
    <system-out><![CDATA[TestNG Before
]]></system-out>
    <system-err><![CDATA[log4j:WARN No appenders could be found for logger (org.apache.http.client.protocol.RequestAddCookies).
log4j:WARN Please initialize the log4j system properly.
log4j:WARN See http://logging.apache.org/log4j/1.2/faq.html#noconfig for more info.
]]></system-err>
  </testcase>
</testsuite>